[2018-11-28 18:01:32]C:/Users/xuguoliang/go/src/go-server/src/base/log.go:67: ********************************************************** 

[2018-11-28 18:01:32]C:/Users/xuguoliang/go/src/go-server/src/base/log.go:85: 	WorldServerr Version:	1,5,1,1
[2018-11-28 18:01:32]C:/Users/xuguoliang/go/src/go-server/src/base/log.go:85: 	WorldServerIP(LAN):	127.0.0.1:31300
[2018-11-28 18:01:32]C:/Users/xuguoliang/go/src/go-server/src/base/log.go:85: 	ActorDBServer(LAN):	localhost:3306
[2018-11-28 18:01:32]C:/Users/xuguoliang/go/src/go-server/src/base/log.go:85: 	ActorDBName:		md_actor
[2018-11-28 18:01:32]C:/Users/xuguoliang/go/src/go-server/src/base/log.go:67: ********************************************************** 

[2018-11-28 18:01:32]C:/Users/xuguoliang/go/src/go-server/src/base/log.go:67: 正在初始化数据库连接... 

[2018-11-28 18:01:32]C:/Users/xuguoliang/go/src/go-server/src/base/log.go:85: [md_actor]数据库初始化成功!
[2018-11-28 18:01:32]C:/Users/xuguoliang/go/src/go-server/src/base/log.go:67: ----read data begin----- 

[2018-11-28 18:01:32]C:/Users/xuguoliang/go/src/go-server/src/base/log.go:67: ----read data end----- 

[2018-11-28 18:01:32]C:/Users/xuguoliang/go/src/go-server/src/base/log.go:67: 读取排行榜 

[2018-11-28 18:01:32]C:/Users/xuguoliang/go/src/go-server/src/base/log.go:67: 读取排行榜加载完成 

[2018-11-28 18:01:50]C:/Users/xuguoliang/go/src/go-server/src/base/log.go:85: ADD GATE SERVER: [0]-[127.0.0.1:31700]
[2018-11-28 18:03:47]C:/Users/xuguoliang/go/src/go-server/src/base/log.go:85: 移除帐号数据[0]
[2018-11-28 18:04:05]C:/Users/xuguoliang/go/src/go-server/src/base/log.go:85: 移除帐号数据[10000001]
[2018-11-28 18:04:28]C:/Users/xuguoliang/go/src/go-server/src/base/log.go:85: 移除帐号数据[0]
[2018-11-28 18:04:30]C:/Users/xuguoliang/go/src/go-server/src/base/log.go:67: 玩家登录成功 

[2018-11-28 18:04:30]C:/Users/xuguoliang/go/src/go-server/src/base/log.go:85: 账号[10000002]创建玩家[0]
[2018-11-28 18:05:15]C:/Users/xuguoliang/go/src/go-server/src/base/log.go:85: 移除帐号数据[10000002]
[2018-11-28 18:05:15]C:/Users/xuguoliang/go/src/go-server/src/base/log.go:85: [10000002] 断开链接
